<?xml version="1.0" encoding="UTF-8"?>
<testsuite xmlns:xsi="http://www.w3.org/2001/XMLSchema-instance" xsi:noNamespaceSchemaLocation="https://maven.apache.org/surefire/maven-surefire-plugin/xsd/surefire-test-report-3.0.xsd" version="3.0" name="JUnitTest.CalculatorTest" time="0.584" tests="8" errors="0" skipped="1" failures="0">
  <properties>
    <property name="java.specification.version" value="21"/>
    <property name="sun.cpu.isalist" value="amd64"/>
    <property name="sun.jnu.encoding" value="Cp1252"/>
    <property name="java.class.path" value="C:\Users\LabsKraft\eclipse-workspace\DemoJunit\target\test-classes;C:\Users\LabsKraft\eclipse-workspace\DemoJunit\target\classes;C:\Users\LabsKraft\.m2\repository\org\junit\jupiter\junit-jupiter\5.10.0\junit-jupiter-5.10.0.jar;C:\Users\LabsKraft\.m2\repository\org\junit\jupiter\junit-jupiter-api\5.10.0\junit-jupiter-api-5.10.0.jar;C:\Users\LabsKraft\.m2\repository\org\opentest4j\opentest4j\1.3.0\opentest4j-1.3.0.jar;C:\Users\LabsKraft\.m2\repository\org\junit\platform\junit-platform-commons\1.10.0\junit-platform-commons-1.10.0.jar;C:\Users\LabsKraft\.m2\repository\org\junit\jupiter\junit-jupiter-engine\5.10.0\junit-jupiter-engine-5.10.0.jar;C:\Users\LabsKraft\.m2\repository\org\junit\platform\junit-platform-engine\1.10.0\junit-platform-engine-1.10.0.jar;C:\Users\LabsKraft\.m2\repository\org\junit\jupiter\junit-jupiter-params\5.10.0\junit-jupiter-params-5.10.0.jar;C:\Users\LabsKraft\.m2\repository\org\apiguardian\apiguardian-api\1.1.2\apiguardian-api-1.1.2.jar;"/>
    <property name="java.vm.vendor" value="Oracle Corporation"/>
    <property name="sun.arch.data.model" value="64"/>
    <property name="user.variant" value=""/>
    <property name="java.vendor.url" value="https://java.oracle.com/"/>
    <property name="user.timezone" value="Etc/UTC"/>
    <property name="os.name" value="Windows Server 2022"/>
    <property name="java.vm.specification.version" value="21"/>
    <property name="sun.java.launcher" value="SUN_STANDARD"/>
    <property name="user.country" value="US"/>
    <property name="sun.boot.library.path" value="C:\Program Files\Java\jdk-21\bin"/>
    <property name="sun.java.command" value="C:\Users\LabsKraft\AppData\Local\Temp\2\surefire16340143411276630557\surefirebooter-20250714063243995_3.jar C:\Users\LabsKraft\AppData\Local\Temp\2\surefire16340143411276630557 2025-07-14T06-32-42_049-jvmRun1 surefire-20250714063243995_1tmp surefire_0-20250714063243995_2tmp"/>
    <property name="jdk.debug" value="release"/>
    <property name="surefire.test.class.path" value="C:\Users\LabsKraft\eclipse-workspace\DemoJunit\target\test-classes;C:\Users\LabsKraft\eclipse-workspace\DemoJunit\target\classes;C:\Users\LabsKraft\.m2\repository\org\junit\jupiter\junit-jupiter\5.10.0\junit-jupiter-5.10.0.jar;C:\Users\LabsKraft\.m2\repository\org\junit\jupiter\junit-jupiter-api\5.10.0\junit-jupiter-api-5.10.0.jar;C:\Users\LabsKraft\.m2\repository\org\opentest4j\opentest4j\1.3.0\opentest4j-1.3.0.jar;C:\Users\LabsKraft\.m2\repository\org\junit\platform\junit-platform-commons\1.10.0\junit-platform-commons-1.10.0.jar;C:\Users\LabsKraft\.m2\repository\org\junit\jupiter\junit-jupiter-engine\5.10.0\junit-jupiter-engine-5.10.0.jar;C:\Users\LabsKraft\.m2\repository\org\junit\platform\junit-platform-engine\1.10.0\junit-platform-engine-1.10.0.jar;C:\Users\LabsKraft\.m2\repository\org\junit\jupiter\junit-jupiter-params\5.10.0\junit-jupiter-params-5.10.0.jar;C:\Users\LabsKraft\.m2\repository\org\apiguardian\apiguardian-api\1.1.2\apiguardian-api-1.1.2.jar;"/>
    <property name="sun.cpu.endian" value="little"/>
    <property name="user.home" value="C:\Users\LabsKraft"/>
    <property name="user.language" value="en"/>
    <property name="java.specification.vendor" value="Oracle Corporation"/>
    <property name="java.version.date" value="2025-04-15"/>
    <property name="java.home" value="C:\Program Files\Java\jdk-21"/>
    <property name="file.separator" value="\"/>
    <property name="basedir" value="C:\Users\LabsKraft\eclipse-workspace\DemoJunit"/>
    <property name="style.color" value="always"/>
    <property name="java.vm.compressedOopsMode" value="32-bit"/>
    <property name="line.separator" value="&#10;"/>
    <property name="java.vm.specification.vendor" value="Oracle Corporation"/>
    <property name="java.specification.name" value="Java Platform API Specification"/>
    <property name="surefire.real.class.path" value="C:\Users\LabsKraft\AppData\Local\Temp\2\surefire16340143411276630557\surefirebooter-20250714063243995_3.jar"/>
    <property name="user.script" value=""/>
    <property name="sun.management.compiler" value="HotSpot 64-Bit Tiered Compilers"/>
    <property name="java.runtime.version" value="21.0.7+8-LTS-245"/>
    <property name="user.name" value="LabsKraft"/>
    <property name="stdout.encoding" value="Cp1252"/>
    <property name="path.separator" value=";"/>
    <property name="os.version" value="10.0"/>
    <property name="java.runtime.name" value="Java(TM) SE Runtime Environment"/>
    <property name="file.encoding" value="UTF-8"/>
    <property name="java.vm.name" value="Java HotSpot(TM) 64-Bit Server VM"/>
    <property name="localRepository" value="C:\Users\LabsKraft\.m2\repository"/>
    <property name="java.vendor.url.bug" value="https://bugreport.java.com/bugreport/"/>
    <property name="java.io.tmpdir" value="C:\Users\LABSKR~1\AppData\Local\Temp\2\"/>
    <property name="java.version" value="21.0.7"/>
    <property name="user.dir" value="C:\Users\LabsKraft\eclipse-workspace\DemoJunit"/>
    <property name="os.arch" value="amd64"/>
    <property name="java.vm.specification.name" value="Java Virtual Machine Specification"/>
    <property name="sun.os.patch.level" value=""/>
    <property name="native.encoding" value="Cp1252"/>
    <property name="java.library.path" value="C:\Program Files\Java\jdk-21\bin;C:\Windows\Sun\Java\bin;C:\Windows\system32;C:\Windows;C:/Users/LabsKraft/Downloads/eclipse-jee-2025-06-R-win32-x86_64/eclipse//plugins/org.eclipse.justj.openjdk.hotspot.jre.full.win32.x86_64_21.0.7.v20250502-0916/jre/bin/server;C:/Users/LabsKraft/Downloads/eclipse-jee-2025-06-R-win32-x86_64/eclipse//plugins/org.eclipse.justj.openjdk.hotspot.jre.full.win32.x86_64_21.0.7.v20250502-0916/jre/bin;C:\Program Files\Common Files\Oracle\Java\javapath;C:\Windows\system32;C:\Windows;C:\Windows\System32\Wbem;C:\Windows\System32\WindowsPowerShell\v1.0\;C:\Windows\System32\OpenSSH\;C:\Program Files\Amazon\cfn-bootstrap\;C:\Program Files\Git\cmd;C:\Users\LabsKraft\AppData\Local\Microsoft\WindowsApps;C:\Users\LabsKraft\apache-maven-3.8.9-bin\apache-maven-3.8.9\bin;;C:\Users\LabsKraft\Downloads\eclipse-jee-2025-06-R-win32-x86_64\eclipse;;."/>
    <property name="java.vm.info" value="mixed mode, sharing"/>
    <property name="stderr.encoding" value="Cp1252"/>
    <property name="java.vendor" value="Oracle Corporation"/>
    <property name="java.vm.version" value="21.0.7+8-LTS-245"/>
    <property name="sun.io.unicode.encoding" value="UnicodeLittle"/>
    <property name="java.class.version" value="65.0"/>
  </properties>
  <testcase name="testAddition" classname="JUnitTest.CalculatorTest" time="0.084">
    <system-out><![CDATA[Before all tests
Starting a test...
Test finished.
]]></system-out>
  </testcase>
  <testcase name="testDivisionByZero" classname="JUnitTest.CalculatorTest" time="0.011">
    <system-out><![CDATA[Starting a test...
Test finished.
]]></system-out>
  </testcase>
  <testcase name="testAdditionMultipleInputs(int, int, int)[1]" classname="JUnitTest.CalculatorTest" time="0.12">
    <system-out><![CDATA[Starting a test...
Test finished.
]]></system-out>
  </testcase>
  <testcase name="testAdditionMultipleInputs(int, int, int)[2]" classname="JUnitTest.CalculatorTest" time="0.004">
    <system-out><![CDATA[Starting a test...
Test finished.
]]></system-out>
  </testcase>
  <testcase name="testAdditionMultipleInputs(int, int, int)[3]" classname="JUnitTest.CalculatorTest" time="0.005">
    <system-out><![CDATA[Starting a test...
Test finished.
]]></system-out>
  </testcase>
  <testcase name="testDivision" classname="JUnitTest.CalculatorTest" time="0.024">
    <system-out><![CDATA[Starting a test...
Test finished.
]]></system-out>
  </testcase>
  <testcase name="testFutureFeature" classname="JUnitTest.CalculatorTest" time="0">
    <skipped message="Disabled until feature is implemented"/>
  </testcase>
  <testcase name="testSubtraction" classname="JUnitTest.CalculatorTest" time="0.004">
    <system-out><![CDATA[Starting a test...
Test finished.
]]></system-out>
  </testcase>
</testsuite>